{
  "RSpec": {
    "coverage": {
      "/home/andresalatalima/code/AndreSalataLima/Alimenz/app/controllers/admin/dashboard_controller.rb": {
        "lines": [
          0,
          0,
          0,
          null,
          0,
          null,
          0,
          null,
          0,
          null,
          0,
          null,
          0,
          null,
          0,
          0,
          0,
          0,
          0,
          0
        ],
        "branches": {}
      },
      "/home/andresalatalima/code/AndreSalataLima/Alimenz/app/controllers/admin/usuarios_controller.rb": {
        "lines": [
          0,
          0,
          0,
          0,
          null,
          0,
          0,
          0,
          null,
          0,
          0,
          null,
          0,
          0,
          0,
          null,
          0,
          0,
          0,
          0,
          0,
          0,
          0,
          0,
          null,
          0,
          0,
          null,
          0,
          0,
          0,
          0,
          0,
          0,
          0,
          null,
          0,
          0,
          0,
          0,
          null,
          0,
          null,
          0,
          0,
          0,
          null,
          0,
          0,
          0,
          null,
          0,
          0,
          0,
          0,
          0,
          0
        ],
        "branches": {}
      },
      "/home/andresalatalima/code/AndreSalataLima/Alimenz/app/controllers/application_controller.rb": {
        "lines": [
          0,
          0,
          null,
          0,
          null,
          0,
          0,
          0,
          0,
          0,
          null,
          null,
          0,
          null,
          null,
          0,
          0,
          0,
          0,
          null,
          null,
          0,
          0,
          0,
          0
        ],
        "branches": {}
      },
      "/home/andresalatalima/code/AndreSalataLima/Alimenz/app/controllers/clientes_controller.rb": {
        "lines": [
          0,
          0
        ],
        "branches": {}
      },
      "/home/andresalatalima/code/AndreSalataLima/Alimenz/app/controllers/fornecedores_controller.rb": {
        "lines": [
          0,
          0
        ],
        "branches": {}
      },
      "/home/andresalatalima/code/AndreSalataLima/Alimenz/app/controllers/usuarios/registrations_controller.rb": {
        "lines": [
          0,
          0,
          null,
          null,
          0,
          0,
          0,
          null,
          null,
          0,
          0,
          0,
          0
        ],
        "branches": {}
      },
      "/home/andresalatalima/code/AndreSalataLima/Alimenz/app/helpers/admin/dashboard_helper.rb": {
        "lines": [
          0,
          0
        ],
        "branches": {}
      },
      "/home/andresalatalima/code/AndreSalataLima/Alimenz/app/helpers/admin/usuarios_helper.rb": {
        "lines": [
          0,
          0
        ],
        "branches": {}
      },
      "/home/andresalatalima/code/AndreSalataLima/Alimenz/app/helpers/application_helper.rb": {
        "lines": [
          0,
          0
        ],
        "branches": {}
      },
      "/home/andresalatalima/code/AndreSalataLima/Alimenz/app/helpers/clientes_helper.rb": {
        "lines": [
          0,
          0
        ],
        "branches": {}
      },
      "/home/andresalatalima/code/AndreSalataLima/Alimenz/app/helpers/fornecedores_helper.rb": {
        "lines": [
          0,
          0
        ],
        "branches": {}
      },
      "/home/andresalatalima/code/AndreSalataLima/Alimenz/app/helpers/usuarios/registrations_helper.rb": {
        "lines": [
          0,
          0
        ],
        "branches": {}
      },
      "/home/andresalatalima/code/AndreSalataLima/Alimenz/app/jobs/application_job.rb": {
        "lines": [
          0,
          null,
          null,
          null,
          null,
          null,
          0
        ],
        "branches": {}
      },
      "/home/andresalatalima/code/AndreSalataLima/Alimenz/app/mailers/application_mailer.rb": {
        "lines": [
          0,
          0,
          0,
          0
        ],
        "branches": {}
      },
      "/home/andresalatalima/code/AndreSalataLima/Alimenz/app/models/application_record.rb": {
        "lines": [
          0,
          0,
          0
        ],
        "branches": {}
      },
      "/home/andresalatalima/code/AndreSalataLima/Alimenz/app/models/usuario.rb": {
        "lines": [
          0,
          0,
          null,
          null,
          0,
          0,
          0,
          null,
          null,
          0,
          0,
          null,
          null,
          0
        ],
        "branches": {}
      }
    },
    "timestamp": 1739801021
  }
}
